<?xml version="1.0" encoding="UTF-8"?>
<testng-results ignored="0" total="1" passed="1" failed="0" skipped="0">
  <reporter-output>
  </reporter-output>
  <suite started-at="2021-07-24T14:27:56 EDT" name="Default suite" finished-at="2021-07-24T14:28:51 EDT" duration-ms="55590">
    <groups>
    </groups>
    <test started-at="2021-07-24T14:27:56 EDT" name="Default test" finished-at="2021-07-24T14:28:51 EDT" duration-ms="55590">
      <class name="ProjectTest.ShoppingCart">
        <test-method is-config="true" signature="Starting()[pri:0, instance:ProjectTest.ShoppingCart@7ce3cb8e]" started-at="2021-07-24T14:27:56 EDT" name="Starting" finished-at="2021-07-24T14:28:16 EDT" duration-ms="20555" status="PASS">
          <reporter-output>
          </reporter-output>
        </test-method> <!-- Starting -->
        <test-method signature="Carttest1()[pri:0, instance:ProjectTest.ShoppingCart@7ce3cb8e]" started-at="2021-07-24T14:28:16 EDT" name="Carttest1" finished-at="2021-07-24T14:28:51 EDT" duration-ms="34957" status="PASS">
          <reporter-output>
          </reporter-output>
        </test-method> <!-- Carttest1 -->
      </class> <!-- ProjectTest.ShoppingCart -->
    </test> <!-- Default test -->
  </suite> <!-- Default suite -->
</testng-results>
